<?xml version="1.0" encoding="UTF-8"?>
<!-- Generated by org.testng.reporters.JUnitReportReporter -->
<testsuite skipped="0" hostname="kguttiko-t460" name="com.insider.testRunner" tests="1" failures="0" timestamp="22 Aug 2018 20:00:22 GMT" time="49.434" errors="0">
  <testcase name="testunners" time="49.434" classname="com.insider.testRunner"/>
</testsuite> <!-- com.insider.testRunner -->
